<?xml version="1.0" encoding="UTF-8"?>
<!-- Generated by org.testng.reporters.JUnitReportReporter -->
<testsuite skipped="0" hostname="LAPTOP-N1ME5TB8" name="com.training.sanity.tests.LoginTests" tests="1" failures="0" timestamp="2019-12-05T17:06:32 IST" time="32.651" errors="0">
  <testcase name="tc1_modifyPersonaldetails" time="32.651" classname="com.training.sanity.tests.LoginTests"/>
</testsuite> <!-- com.training.sanity.tests.LoginTests -->
